Using pre-set license
Built from '2020.3/staging' branch; Version is '2020.3.11f1 (99c7afb366b3) revision 10078127'; Using compiler version '192528614'; Build Type 'Release'
OS: 'Windows 10 Pro; OS build 19042.1165; Version 2009; 64bit' Language: 'en' Physical Memory: 8077 MB
BatchMode: 1, IsHumanControllingUs: 0, StartBugReporterOnCrash: 0, Is64bit: 1, IsPro: 0

 COMMAND LINE ARGUMENTS:
C:\Program Files\Unity\Hub\Editor\2020.3.11f1\Editor\Unity.exe
-adb2
-batchMode
-noUpm
-name
AssetImportWorker0
-projectPath
C:/Users/KayyDhex/Documents/Unity/Alien Game
-logFile
Logs/AssetImportWorker0.log
-srvPort
53131
Successfully changed project path to: C:/Users/KayyDhex/Documents/Unity/Alien Game
C:/Users/KayyDhex/Documents/Unity/Alien Game
Using Asset Import Pipeline V2.
Refreshing native plugins compatible for Editor in 241.24 ms, found 3 plugins.
Preloading 0 native plugins for Editor in 0.00 ms.
Initialize engine version: 2020.3.11f1 (99c7afb366b3)
[Subsystems] Discovering subsystems at path C:/Program Files/Unity/Hub/Editor/2020.3.11f1/Editor/Data/Resources/UnitySubsystems
[Subsystems] Discovering subsystems at path C:/Users/KayyDhex/Documents/Unity/Alien Game/Assets
GfxDevice: creating device client; threaded=0
Direct3D:
    Version:  Direct3D 11.0 [level 11.1]
    Renderer: Intel(R) HD Graphics 620 (ID=0x5916)
    Vendor:   
    VRAM:     4038 MB
    Driver:   27.20.100.8681
Initialize mono
Mono path[0] = 'C:/Program Files/Unity/Hub/Editor/2020.3.11f1/Editor/Data/Managed'
Mono path[1] = 'C:/Program Files/Unity/Hub/Editor/2020.3.11f1/Editor/Data/MonoBleedingEdge/lib/mono/unityjit'
Mono config path = 'C:/Program Files/Unity/Hub/Editor/2020.3.11f1/Editor/Data/MonoBleedingEdge/etc'
Using monoOptions --debugger-agent=transport=dt_socket,embedding=1,server=y,suspend=n,address=127.0.0.1:56304
Begin MonoManager ReloadAssembly
Registering precompiled unity dll's ...
Register platform support module: C:/Program Files/Unity/Hub/Editor/2020.3.11f1/Editor/Data/PlaybackEngines/WebGLSupport/UnityEditor.WebGL.Extensions.dll
Register platform support module: C:/Program Files/Unity/Hub/Editor/2020.3.11f1/Editor/Data/PlaybackEngines/WindowsStandaloneSupport/UnityEditor.WindowsStandalone.Extensions.dll
Registered in 0.008929 seconds.
Native extension for WindowsStandalone target not found
Native extension for WebGL target not found
Refreshing native plugins compatible for Editor in 50.81 ms, found 3 plugins.
Preloading 0 native plugins for Editor in 0.00 ms.
Mono: successfully reloaded assembly
- Completed reload, in 10.321 seconds
Platform modules already initialized, skipping
Registering precompiled user dll's ...
Registered in 0.022042 seconds.
Begin MonoManager ReloadAssembly
Native extension for WindowsStandalone target not found
Native extension for WebGL target not found
Refreshing native plugins compatible for Editor in 48.48 ms, found 3 plugins.
Preloading 0 native plugins for Editor in 0.00 ms.
Mono: successfully reloaded assembly
- Completed reload, in  1.716 seconds
Platform modules already initialized, skipping
========================================================================
Worker process is ready to serve import requests
Launched and connected shader compiler UnityShaderCompiler.exe after 0.09 seconds
Refreshing native plugins compatible for Editor in 0.51 ms, found 3 plugins.
Preloading 0 native plugins for Editor in 0.00 ms.
Unloading 2082 Unused Serialized files (Serialized files now loaded: 0)
System memory in use before: 92.8 MB.
System memory in use after: 92.8 MB.

Unloading 33 unused Assets to reduce memory usage. Loaded Objects now: 2515.
Total: 7.565100 ms (FindLiveObjects: 0.415600 ms CreateObjectMapping: 0.180300 ms MarkObjects: 5.980400 ms  DeleteObjects: 0.986100 ms)

========================================================================
Received Import Request.
  path: Assets/Scripts/Enemy.cs
  artifactKey: Guid(1403f5815fea31641bd5ca957c2d4219) Importer(815301076,1909f56bfc062723c751e8b465ee728b)
Start importing Assets/Scripts/Enemy.cs using Guid(1403f5815fea31641bd5ca957c2d4219) Importer(815301076,1909f56bfc062723c751e8b465ee728b)  -> (artifact id: '472e5f820279ec3b54cdf579b1f4ed2c') in 0.074951 seconds
  Import took 0.081026 seconds .

========================================================================
Received Prepare
Registering precompiled user dll's ...
Registered in 0.025045 seconds.
Begin MonoManager ReloadAssembly
Native extension for WindowsStandalone target not found
Native extension for WebGL target not found
Refreshing native plugins compatible for Editor in 1.69 ms, found 3 plugins.
Preloading 0 native plugins for Editor in 0.00 ms.
Mono: successfully reloaded assembly
- Completed reload, in  4.696 seconds
Platform modules already initialized, skipping
Refreshing native plugins compatible for Editor in 0.79 ms, found 3 plugins.
Preloading 0 native plugins for Editor in 0.00 ms.
Unloading 2077 Unused Serialized files (Serialized files now loaded: 0)
System memory in use before: 92.8 MB.
System memory in use after: 92.8 MB.

Unloading 21 unused Assets to reduce memory usage. Loaded Objects now: 2519.
Total: 4.190900 ms (FindLiveObjects: 0.714600 ms CreateObjectMapping: 0.210900 ms MarkObjects: 3.099200 ms  DeleteObjects: 0.164400 ms)

========================================================================
Received Prepare
Registering precompiled user dll's ...
Registered in 0.004647 seconds.
Begin MonoManager ReloadAssembly
Native extension for WindowsStandalone target not found
Native extension for WebGL target not found
Refreshing native plugins compatible for Editor in 0.50 ms, found 3 plugins.
Preloading 0 native plugins for Editor in 0.00 ms.
Mono: successfully reloaded assembly
- Completed reload, in  1.289 seconds
Platform modules already initialized, skipping
Refreshing native plugins compatible for Editor in 0.51 ms, found 3 plugins.
Preloading 0 native plugins for Editor in 0.00 ms.
Unloading 2077 Unused Serialized files (Serialized files now loaded: 0)
System memory in use before: 92.8 MB.
System memory in use after: 92.8 MB.

Unloading 21 unused Assets to reduce memory usage. Loaded Objects now: 2523.
Total: 2.836300 ms (FindLiveObjects: 0.268800 ms CreateObjectMapping: 0.104700 ms MarkObjects: 2.336600 ms  DeleteObjects: 0.124700 ms)

========================================================================
Received Import Request.
  Time since last request: 4258.253418 seconds.
  path: Assets/Textures/Retina
  artifactKey: Guid(71533736472677046bfb106ca7bbc16e) Importer(815301076,1909f56bfc062723c751e8b465ee728b)
Start importing Assets/Textures/Retina using Guid(71533736472677046bfb106ca7bbc16e) Importer(815301076,1909f56bfc062723c751e8b465ee728b)  -> (artifact id: 'ca7feb169af210b6f1d2da3121d3f820') in 0.018751 seconds
  Import took 0.025313 seconds .

========================================================================
Received Import Request.
  Time since last request: 264.399321 seconds.
  path: Assets
  artifactKey: Guid(00000000000000001000000000000000) Importer(815301076,1909f56bfc062723c751e8b465ee728b)
Start importing Assets using Guid(00000000000000001000000000000000) Importer(815301076,1909f56bfc062723c751e8b465ee728b)  -> (artifact id: '42d402b061de3733987d63b9cc3b64de') in 0.013870 seconds
  Import took 0.024429 seconds .

========================================================================
Received Import Request.
  Time since last request: 6.474514 seconds.
  path: Assets/Prefabs
  artifactKey: Guid(123695b59337b0f4dba1f22159703e15) Importer(815301076,1909f56bfc062723c751e8b465ee728b)
Start importing Assets/Prefabs using Guid(123695b59337b0f4dba1f22159703e15) Importer(815301076,1909f56bfc062723c751e8b465ee728b)  -> (artifact id: 'a98492b4abd9fe2dd198637d417dd6a3') in 0.014561 seconds
  Import took 0.020490 seconds .

========================================================================
Received Import Request.
  Time since last request: 3.739938 seconds.
  path: Assets/Prefabs/owl.prefab
  artifactKey: Guid(896ca69be0883cf4d89ebe1f88532914) Importer(815301076,1909f56bfc062723c751e8b465ee728b)
Start importing Assets/Prefabs/owl.prefab using Guid(896ca69be0883cf4d89ebe1f88532914) Importer(815301076,1909f56bfc062723c751e8b465ee728b)  -> (artifact id: '68b07a5a65d4164a12b4c154eae904a9') in 0.378573 seconds
  Import took 0.384679 seconds .

========================================================================
Received Import Request.
  Time since last request: 248.634198 seconds.
  path: Assets/Textures/Backgrounds/Elements/mountainC.png
  artifactKey: Guid(5b80957ca10c6bf4a8ac0aa790ef3da3) Importer(815301076,1909f56bfc062723c751e8b465ee728b)
Start importing Assets/Textures/Backgrounds/Elements/mountainC.png using Guid(5b80957ca10c6bf4a8ac0aa790ef3da3) Importer(815301076,1909f56bfc062723c751e8b465ee728b)  -> (artifact id: '507a54d6c2cc401cfbeb07c5ff52267a') in 0.121619 seconds
  Import took 0.130361 seconds .

========================================================================
Received Import Request.
  Time since last request: 0.000270 seconds.
  path: Assets/Textures/Backgrounds/Elements/mountains.png
  artifactKey: Guid(ca7accdce2809694e8dbf2e25ce90be5) Importer(815301076,1909f56bfc062723c751e8b465ee728b)
Start importing Assets/Textures/Backgrounds/Elements/mountains.png using Guid(ca7accdce2809694e8dbf2e25ce90be5) Importer(815301076,1909f56bfc062723c751e8b465ee728b)  -> (artifact id: 'd9221151f2ba316b1a67a44ed78f2799') in 0.038853 seconds
  Import took 0.045800 seconds .

========================================================================
Received Import Request.
  Time since last request: 0.000411 seconds.
  path: Assets/Textures/Backgrounds/Elements/mountainC.png
  artifactKey: Guid(5b80957ca10c6bf4a8ac0aa790ef3da3) Importer(815301076,1909f56bfc062723c751e8b465ee728b)
Start importing Assets/Textures/Backgrounds/Elements/mountainC.png using Guid(5b80957ca10c6bf4a8ac0aa790ef3da3) Importer(815301076,1909f56bfc062723c751e8b465ee728b)  -> (artifact id: '507a54d6c2cc401cfbeb07c5ff52267a') in 0.015790 seconds
  Import took 0.024297 seconds .

========================================================================
Received Import Request.
  Time since last request: 0.000211 seconds.
  path: Assets/Textures/Backgrounds/Elements/mountains.png
  artifactKey: Guid(ca7accdce2809694e8dbf2e25ce90be5) Importer(815301076,1909f56bfc062723c751e8b465ee728b)
Start importing Assets/Textures/Backgrounds/Elements/mountains.png using Guid(ca7accdce2809694e8dbf2e25ce90be5) Importer(815301076,1909f56bfc062723c751e8b465ee728b)  -> (artifact id: 'd9221151f2ba316b1a67a44ed78f2799') in 0.017264 seconds
  Import took 0.023815 seconds .

========================================================================
Received Prepare
Registering precompiled user dll's ...
Registered in 0.004210 seconds.
Begin MonoManager ReloadAssembly
Native extension for WindowsStandalone target not found
Native extension for WebGL target not found
Refreshing native plugins compatible for Editor in 0.50 ms, found 3 plugins.
Preloading 0 native plugins for Editor in 0.00 ms.
Mono: successfully reloaded assembly
- Completed reload, in  1.779 seconds
Platform modules already initialized, skipping
Refreshing native plugins compatible for Editor in 1.30 ms, found 3 plugins.
Preloading 0 native plugins for Editor in 0.00 ms.
Unloading 2077 Unused Serialized files (Serialized files now loaded: 0)
System memory in use before: 95.9 MB.
System memory in use after: 95.8 MB.

Unloading 21 unused Assets to reduce memory usage. Loaded Objects now: 2539.
Total: 5.133300 ms (FindLiveObjects: 0.485100 ms CreateObjectMapping: 0.212900 ms MarkObjects: 4.225300 ms  DeleteObjects: 0.208000 ms)

========================================================================
Received Prepare
Registering precompiled user dll's ...
Registered in 0.081300 seconds.
Begin MonoManager ReloadAssembly
Native extension for WindowsStandalone target not found
Native extension for WebGL target not found
Refreshing native plugins compatible for Editor in 4.48 ms, found 3 plugins.
Preloading 0 native plugins for Editor in 0.00 ms.
Mono: successfully reloaded assembly
- Completed reload, in  4.595 seconds
Platform modules already initialized, skipping
Refreshing native plugins compatible for Editor in 0.86 ms, found 3 plugins.
Preloading 0 native plugins for Editor in 0.00 ms.
Unloading 2077 Unused Serialized files (Serialized files now loaded: 0)
System memory in use before: 95.9 MB.
System memory in use after: 95.9 MB.

Unloading 21 unused Assets to reduce memory usage. Loaded Objects now: 2543.
Total: 3.037200 ms (FindLiveObjects: 0.348900 ms CreateObjectMapping: 0.163600 ms MarkObjects: 2.393800 ms  DeleteObjects: 0.129200 ms)

========================================================================
Received Prepare
Registering precompiled user dll's ...
Registered in 0.005347 seconds.
Begin MonoManager ReloadAssembly
Native extension for WindowsStandalone target not found
Native extension for WebGL target not found
Refreshing native plugins compatible for Editor in 0.51 ms, found 3 plugins.
Preloading 0 native plugins for Editor in 0.00 ms.
Mono: successfully reloaded assembly
- Completed reload, in  1.330 seconds
Platform modules already initialized, skipping
Refreshing native plugins compatible for Editor in 0.61 ms, found 3 plugins.
Preloading 0 native plugins for Editor in 0.00 ms.
Unloading 2077 Unused Serialized files (Serialized files now loaded: 0)
System memory in use before: 95.9 MB.
System memory in use after: 95.9 MB.

Unloading 21 unused Assets to reduce memory usage. Loaded Objects now: 2547.
Total: 2.733600 ms (FindLiveObjects: 0.247700 ms CreateObjectMapping: 0.074400 ms MarkObjects: 2.284600 ms  DeleteObjects: 0.125800 ms)

========================================================================
Received Prepare
Registering precompiled user dll's ...
Registered in 0.012743 seconds.
Begin MonoManager ReloadAssembly
Native extension for WindowsStandalone target not found
Native extension for WebGL target not found
Refreshing native plugins compatible for Editor in 0.52 ms, found 3 plugins.
Preloading 0 native plugins for Editor in 0.00 ms.
Mono: successfully reloaded assembly
- Completed reload, in  2.261 seconds
Platform modules already initialized, skipping
Refreshing native plugins compatible for Editor in 0.51 ms, found 3 plugins.
Preloading 0 native plugins for Editor in 0.00 ms.
Unloading 2077 Unused Serialized files (Serialized files now loaded: 0)
System memory in use before: 95.9 MB.
System memory in use after: 95.9 MB.

Unloading 21 unused Assets to reduce memory usage. Loaded Objects now: 2551.
Total: 3.099100 ms (FindLiveObjects: 0.220100 ms CreateObjectMapping: 0.079000 ms MarkObjects: 2.523500 ms  DeleteObjects: 0.274600 ms)

========================================================================
Received Import Request.
  Time since last request: 980.716936 seconds.
  path: Assets/Scripts/Enemy.cs
  artifactKey: Guid(1403f5815fea31641bd5ca957c2d4219) Importer(815301076,1909f56bfc062723c751e8b465ee728b)
Start importing Assets/Scripts/Enemy.cs using Guid(1403f5815fea31641bd5ca957c2d4219) Importer(815301076,1909f56bfc062723c751e8b465ee728b)  -> (artifact id: 'f65bb8dd8c02b43128117855074b6651') in 0.010179 seconds
  Import took 0.014594 seconds .

========================================================================
Received Prepare
Registering precompiled user dll's ...
Registered in 0.009119 seconds.
Begin MonoManager ReloadAssembly
Native extension for WindowsStandalone target not found
Native extension for WebGL target not found
Refreshing native plugins compatible for Editor in 1.17 ms, found 3 plugins.
Preloading 0 native plugins for Editor in 0.00 ms.
Mono: successfully reloaded assembly
- Completed reload, in  2.269 seconds
Platform modules already initialized, skipping
Refreshing native plugins compatible for Editor in 1.01 ms, found 3 plugins.
Preloading 0 native plugins for Editor in 0.00 ms.
Unloading 2076 Unused Serialized files (Serialized files now loaded: 0)
System memory in use before: 95.9 MB.
System memory in use after: 95.9 MB.

Unloading 22 unused Assets to reduce memory usage. Loaded Objects now: 2554.
Total: 8.143600 ms (FindLiveObjects: 0.396600 ms CreateObjectMapping: 0.237400 ms MarkObjects: 7.242300 ms  DeleteObjects: 0.264600 ms)

========================================================================
Received Prepare
Registering precompiled user dll's ...
Registered in 0.008804 seconds.
Begin MonoManager ReloadAssembly
Native extension for WindowsStandalone target not found
Native extension for WebGL target not found
Refreshing native plugins compatible for Editor in 0.55 ms, found 3 plugins.
Preloading 0 native plugins for Editor in 0.00 ms.
Mono: successfully reloaded assembly
- Completed reload, in  1.487 seconds
Platform modules already initialized, skipping
Refreshing native plugins compatible for Editor in 0.74 ms, found 3 plugins.
Preloading 0 native plugins for Editor in 0.00 ms.
Unloading 2077 Unused Serialized files (Serialized files now loaded: 0)
System memory in use before: 95.9 MB.
System memory in use after: 95.9 MB.

Unloading 21 unused Assets to reduce memory usage. Loaded Objects now: 2559.
Total: 3.884500 ms (FindLiveObjects: 0.271900 ms CreateObjectMapping: 0.146000 ms MarkObjects: 3.309500 ms  DeleteObjects: 0.154700 ms)

========================================================================
Received Import Request.
  Time since last request: 34.086796 seconds.
  path: Assets/Scripts/Enemy.cs
  artifactKey: Guid(35cf343d57525204ea6d71e400ba2939) Importer(815301076,1909f56bfc062723c751e8b465ee728b)
Start importing Assets/Scripts/Enemy.cs using Guid(35cf343d57525204ea6d71e400ba2939) Importer(815301076,1909f56bfc062723c751e8b465ee728b)  -> (artifact id: '6443a4b1a899ba84f797d0b27690b97f') in 0.008430 seconds
  Import took 0.015881 seconds .

========================================================================
Received Import Request.
  Time since last request: 0.003677 seconds.
  path: Assets/Scripts/Enemy.cs
  artifactKey: Guid(35cf343d57525204ea6d71e400ba2939) Importer(815301076,1909f56bfc062723c751e8b465ee728b)
Start importing Assets/Scripts/Enemy.cs using Guid(35cf343d57525204ea6d71e400ba2939) Importer(815301076,1909f56bfc062723c751e8b465ee728b)  -> (artifact id: '6443a4b1a899ba84f797d0b27690b97f') in 0.010729 seconds
  Import took 0.018792 seconds .

========================================================================
Received Prepare
Registering precompiled user dll's ...
Registered in 0.007387 seconds.
Begin MonoManager ReloadAssembly
Native extension for WindowsStandalone target not found
Native extension for WebGL target not found
Refreshing native plugins compatible for Editor in 0.53 ms, found 3 plugins.
Preloading 0 native plugins for Editor in 0.00 ms.
Mono: successfully reloaded assembly
- Completed reload, in  1.312 seconds
Platform modules already initialized, skipping
Refreshing native plugins compatible for Editor in 0.54 ms, found 3 plugins.
Preloading 0 native plugins for Editor in 0.00 ms.
Unloading 2077 Unused Serialized files (Serialized files now loaded: 0)
System memory in use before: 95.9 MB.
System memory in use after: 95.9 MB.

Unloading 21 unused Assets to reduce memory usage. Loaded Objects now: 2563.
Total: 2.981900 ms (FindLiveObjects: 0.235700 ms CreateObjectMapping: 0.101900 ms MarkObjects: 2.516300 ms  DeleteObjects: 0.126900 ms)

========================================================================
Received Import Request.
  Time since last request: 27.960221 seconds.
  path: Assets/Scripts/Enemy.cs
  artifactKey: Guid(35cf343d57525204ea6d71e400ba2939) Importer(815301076,1909f56bfc062723c751e8b465ee728b)
Start importing Assets/Scripts/Enemy.cs using Guid(35cf343d57525204ea6d71e400ba2939) Importer(815301076,1909f56bfc062723c751e8b465ee728b)  -> (artifact id: '95bc1088eeac97015126f4a5a552e6ea') in 0.009724 seconds
  Import took 0.018179 seconds .

========================================================================
Received Import Request.
  Time since last request: 0.044264 seconds.
  path: Assets/Scripts/Enemy.cs
  artifactKey: Guid(35cf343d57525204ea6d71e400ba2939) Importer(815301076,1909f56bfc062723c751e8b465ee728b)
Start importing Assets/Scripts/Enemy.cs using Guid(35cf343d57525204ea6d71e400ba2939) Importer(815301076,1909f56bfc062723c751e8b465ee728b)  -> (artifact id: '95bc1088eeac97015126f4a5a552e6ea') in 0.005598 seconds
  Import took 0.011494 seconds .

========================================================================
Received Prepare
Registering precompiled user dll's ...
Registered in 0.004534 seconds.
Begin MonoManager ReloadAssembly
Native extension for WindowsStandalone target not found
Native extension for WebGL target not found
Refreshing native plugins compatible for Editor in 0.51 ms, found 3 plugins.
Preloading 0 native plugins for Editor in 0.00 ms.
Mono: successfully reloaded assembly
- Completed reload, in  1.309 seconds
Platform modules already initialized, skipping
Refreshing native plugins compatible for Editor in 0.49 ms, found 3 plugins.
Preloading 0 native plugins for Editor in 0.00 ms.
Unloading 2077 Unused Serialized files (Serialized files now loaded: 0)
System memory in use before: 95.9 MB.
System memory in use after: 95.9 MB.

Unloading 21 unused Assets to reduce memory usage. Loaded Objects now: 2567.
Total: 4.232400 ms (FindLiveObjects: 0.237200 ms CreateObjectMapping: 0.149500 ms MarkObjects: 3.719000 ms  DeleteObjects: 0.125200 ms)

========================================================================
Received Prepare
Registering precompiled user dll's ...
Registered in 0.017163 seconds.
Begin MonoManager ReloadAssembly
Native extension for WindowsStandalone target not found
Native extension for WebGL target not found
Refreshing native plugins compatible for Editor in 1.06 ms, found 3 plugins.
Preloading 0 native plugins for Editor in 0.00 ms.
Mono: successfully reloaded assembly
- Completed reload, in  2.487 seconds
Platform modules already initialized, skipping
Refreshing native plugins compatible for Editor in 1.53 ms, found 3 plugins.
Preloading 0 native plugins for Editor in 0.00 ms.
Unloading 2077 Unused Serialized files (Serialized files now loaded: 0)
System memory in use before: 95.9 MB.
System memory in use after: 95.9 MB.

Unloading 21 unused Assets to reduce memory usage. Loaded Objects now: 2571.
Total: 4.458300 ms (FindLiveObjects: 0.462300 ms CreateObjectMapping: 0.250000 ms MarkObjects: 3.586000 ms  DeleteObjects: 0.158000 ms)

========================================================================
Received Import Request.
  Time since last request: 247.387618 seconds.
  path: Assets/Material
  artifactKey: Guid(17dd89e8315ab8342bd2b9a3b199623b) Importer(815301076,1909f56bfc062723c751e8b465ee728b)
Start importing Assets/Material using Guid(17dd89e8315ab8342bd2b9a3b199623b) Importer(815301076,1909f56bfc062723c751e8b465ee728b)  -> (artifact id: '39c5a017c08ad0cb229a18709e8f2127') in 0.024937 seconds
  Import took 0.069095 seconds .

========================================================================
Received Import Request.
  Time since last request: 17.018808 seconds.
  path: Assets/Material/Rebote.physicsMaterial2D
  artifactKey: Guid(74e05e334ab989d4d806a11ae3c7b4b4) Importer(815301076,1909f56bfc062723c751e8b465ee728b)
Start importing Assets/Material/Rebote.physicsMaterial2D using Guid(74e05e334ab989d4d806a11ae3c7b4b4) Importer(815301076,1909f56bfc062723c751e8b465ee728b)  -> (artifact id: '8e6727b74cdd0dd74066c2d98d2d8eb2') in 0.054396 seconds
  Import took 0.074101 seconds .

========================================================================
Received Prepare
Registering precompiled user dll's ...
Registered in 0.012333 seconds.
Begin MonoManager ReloadAssembly
Native extension for WindowsStandalone target not found
Native extension for WebGL target not found
Refreshing native plugins compatible for Editor in 1.60 ms, found 3 plugins.
Preloading 0 native plugins for Editor in 0.00 ms.
Mono: successfully reloaded assembly
- Completed reload, in  3.025 seconds
Platform modules already initialized, skipping
Refreshing native plugins compatible for Editor in 0.49 ms, found 3 plugins.
Preloading 0 native plugins for Editor in 0.00 ms.
Unloading 2077 Unused Serialized files (Serialized files now loaded: 0)
System memory in use before: 96.0 MB.
System memory in use after: 95.9 MB.

Unloading 21 unused Assets to reduce memory usage. Loaded Objects now: 2575.
Total: 2.570000 ms (FindLiveObjects: 0.234900 ms CreateObjectMapping: 0.095600 ms MarkObjects: 2.116800 ms  DeleteObjects: 0.121600 ms)

========================================================================
Received Prepare
Registering precompiled user dll's ...
Registered in 0.006014 seconds.
Begin MonoManager ReloadAssembly
Native extension for WindowsStandalone target not found
Native extension for WebGL target not found
Refreshing native plugins compatible for Editor in 0.52 ms, found 3 plugins.
Preloading 0 native plugins for Editor in 0.00 ms.
Mono: successfully reloaded assembly
- Completed reload, in  1.413 seconds
Platform modules already initialized, skipping
Refreshing native plugins compatible for Editor in 0.60 ms, found 3 plugins.
Preloading 0 native plugins for Editor in 0.00 ms.
Unloading 2077 Unused Serialized files (Serialized files now loaded: 0)
System memory in use before: 96.0 MB.
System memory in use after: 96.0 MB.

Unloading 21 unused Assets to reduce memory usage. Loaded Objects now: 2579.
Total: 3.217100 ms (FindLiveObjects: 0.304700 ms CreateObjectMapping: 0.118200 ms MarkObjects: 2.656600 ms  DeleteObjects: 0.135200 ms)

========================================================================
Received Prepare
Registering precompiled user dll's ...
Registered in 0.006410 seconds.
Begin MonoManager ReloadAssembly
Native extension for WindowsStandalone target not found
Native extension for WebGL target not found
Refreshing native plugins compatible for Editor in 0.67 ms, found 3 plugins.
Preloading 0 native plugins for Editor in 0.00 ms.
Mono: successfully reloaded assembly
- Completed reload, in  1.417 seconds
Platform modules already initialized, skipping
Refreshing native plugins compatible for Editor in 1.10 ms, found 3 plugins.
Preloading 0 native plugins for Editor in 0.00 ms.
Unloading 2077 Unused Serialized files (Serialized files now loaded: 0)
System memory in use before: 96.0 MB.
System memory in use after: 96.0 MB.

Unloading 21 unused Assets to reduce memory usage. Loaded Objects now: 2583.
Total: 5.190900 ms (FindLiveObjects: 0.245900 ms CreateObjectMapping: 0.076700 ms MarkObjects: 4.738400 ms  DeleteObjects: 0.128500 ms)

========================================================================
Received Prepare
Registering precompiled user dll's ...
Registered in 0.015877 seconds.
Begin MonoManager ReloadAssembly
Native extension for WindowsStandalone target not found
Native extension for WebGL target not found
Refreshing native plugins compatible for Editor in 0.61 ms, found 3 plugins.
Preloading 0 native plugins for Editor in 0.00 ms.
Mono: successfully reloaded assembly
- Completed reload, in  4.234 seconds
Platform modules already initialized, skipping
Refreshing native plugins compatible for Editor in 2.33 ms, found 3 plugins.
Preloading 0 native plugins for Editor in 0.00 ms.
Unloading 2077 Unused Serialized files (Serialized files now loaded: 0)
System memory in use before: 96.0 MB.
System memory in use after: 96.0 MB.

Unloading 21 unused Assets to reduce memory usage. Loaded Objects now: 2587.
Total: 11.192400 ms (FindLiveObjects: 0.541700 ms CreateObjectMapping: 0.454800 ms MarkObjects: 9.858900 ms  DeleteObjects: 0.334100 ms)

========================================================================
Received Prepare
Registering precompiled user dll's ...
Registered in 0.004932 seconds.
Begin MonoManager ReloadAssembly
Native extension for WindowsStandalone target not found
Native extension for WebGL target not found
Refreshing native plugins compatible for Editor in 0.49 ms, found 3 plugins.
Preloading 0 native plugins for Editor in 0.00 ms.
Mono: successfully reloaded assembly
- Completed reload, in  1.408 seconds
Platform modules already initialized, skipping
Refreshing native plugins compatible for Editor in 0.47 ms, found 3 plugins.
Preloading 0 native plugins for Editor in 0.00 ms.
Unloading 2077 Unused Serialized files (Serialized files now loaded: 0)
System memory in use before: 96.0 MB.
System memory in use after: 96.0 MB.

Unloading 21 unused Assets to reduce memory usage. Loaded Objects now: 2591.
Total: 2.790200 ms (FindLiveObjects: 0.234000 ms CreateObjectMapping: 0.094700 ms MarkObjects: 2.335500 ms  DeleteObjects: 0.124500 ms)

========================================================================
Received Prepare
Registering precompiled user dll's ...
Registered in 0.006032 seconds.
Begin MonoManager ReloadAssembly
Native extension for WindowsStandalone target not found
Native extension for WebGL target not found
Refreshing native plugins compatible for Editor in 0.50 ms, found 3 plugins.
Preloading 0 native plugins for Editor in 0.00 ms.
Mono: successfully reloaded assembly
- Completed reload, in  1.178 seconds
Platform modules already initialized, skipping
Refreshing native plugins compatible for Editor in 0.49 ms, found 3 plugins.
Preloading 0 native plugins for Editor in 0.00 ms.
Unloading 2077 Unused Serialized files (Serialized files now loaded: 0)
System memory in use before: 96.0 MB.
System memory in use after: 96.0 MB.

Unloading 21 unused Assets to reduce memory usage. Loaded Objects now: 2595.
Total: 2.843000 ms (FindLiveObjects: 0.210200 ms CreateObjectMapping: 0.093500 ms MarkObjects: 2.400700 ms  DeleteObjects: 0.137000 ms)

========================================================================
Received Import Request.
  Time since last request: 924.922735 seconds.
  path: Assets/Prefabs/Owl.prefab
  artifactKey: Guid(896ca69be0883cf4d89ebe1f88532914) Importer(815301076,1909f56bfc062723c751e8b465ee728b)
Start importing Assets/Prefabs/Owl.prefab using Guid(896ca69be0883cf4d89ebe1f88532914) Importer(815301076,1909f56bfc062723c751e8b465ee728b)  -> (artifact id: '15c125c58d8dec2d90ce2ae8f8d2b421') in 0.423107 seconds
  Import took 0.430862 seconds .

========================================================================
Received Import Request.
  Time since last request: 56.019002 seconds.
  path: Assets/Prefabs/Owl.prefab
  artifactKey: Guid(896ca69be0883cf4d89ebe1f88532914) Importer(815301076,1909f56bfc062723c751e8b465ee728b)
Start importing Assets/Prefabs/Owl.prefab using Guid(896ca69be0883cf4d89ebe1f88532914) Importer(815301076,1909f56bfc062723c751e8b465ee728b)  -> (artifact id: '8e0d244c0dfbf0b5e0bbe04278c7689b') in 0.026813 seconds
  Import took 0.047755 seconds .

========================================================================
Received Import Request.
  Time since last request: 26.545977 seconds.
  path: Assets/Prefabs/Owl.prefab
  artifactKey: Guid(896ca69be0883cf4d89ebe1f88532914) Importer(815301076,1909f56bfc062723c751e8b465ee728b)
Start importing Assets/Prefabs/Owl.prefab using Guid(896ca69be0883cf4d89ebe1f88532914) Importer(815301076,1909f56bfc062723c751e8b465ee728b)  -> (artifact id: '324e0adc0a36f7f9b84de89c175771c7') in 0.030839 seconds
  Import took 0.048541 seconds .

========================================================================
Received Import Request.
  Time since last request: 0.000661 seconds.
  path: Assets/Prefabs/Owl.prefab
  artifactKey: Guid(896ca69be0883cf4d89ebe1f88532914) Importer(815301076,1909f56bfc062723c751e8b465ee728b)
Start importing Assets/Prefabs/Owl.prefab using Guid(896ca69be0883cf4d89ebe1f88532914) Importer(815301076,1909f56bfc062723c751e8b465ee728b)  -> (artifact id: '324e0adc0a36f7f9b84de89c175771c7') in 0.033432 seconds
  Import took 0.048031 seconds .

========================================================================
Received Import Request.
  Time since last request: 1.405840 seconds.
  path: Assets/Prefabs/Owl.prefab
  artifactKey: Guid(896ca69be0883cf4d89ebe1f88532914) Importer(815301076,1909f56bfc062723c751e8b465ee728b)
Start importing Assets/Prefabs/Owl.prefab using Guid(896ca69be0883cf4d89ebe1f88532914) Importer(815301076,1909f56bfc062723c751e8b465ee728b)  -> (artifact id: '4d902135c2c82365d832e702b08b667b') in 0.037709 seconds
  Import took 0.057806 seconds .

========================================================================
Received Import Request.
  Time since last request: 20.294488 seconds.
  path: Assets/Prefabs/Owl.prefab
  artifactKey: Guid(896ca69be0883cf4d89ebe1f88532914) Importer(815301076,1909f56bfc062723c751e8b465ee728b)
Start importing Assets/Prefabs/Owl.prefab using Guid(896ca69be0883cf4d89ebe1f88532914) Importer(815301076,1909f56bfc062723c751e8b465ee728b)  -> (artifact id: '37f6de5a3ff550ed227069bccaa32b5a') in 0.034013 seconds
  Import took 0.051462 seconds .

========================================================================
Received Prepare
Registering precompiled user dll's ...
Registered in 0.004430 seconds.
Begin MonoManager ReloadAssembly
Native extension for WindowsStandalone target not found
Native extension for WebGL target not found
Refreshing native plugins compatible for Editor in 0.56 ms, found 3 plugins.
Preloading 0 native plugins for Editor in 0.00 ms.
Mono: successfully reloaded assembly
- Completed reload, in  1.593 seconds
Platform modules already initialized, skipping
Refreshing native plugins compatible for Editor in 1.18 ms, found 3 plugins.
Preloading 0 native plugins for Editor in 0.00 ms.
Unloading 2077 Unused Serialized files (Serialized files now loaded: 0)
System memory in use before: 96.0 MB.
System memory in use after: 96.0 MB.

Unloading 21 unused Assets to reduce memory usage. Loaded Objects now: 2600.
Total: 7.538600 ms (FindLiveObjects: 0.723600 ms CreateObjectMapping: 0.342300 ms MarkObjects: 5.629000 ms  DeleteObjects: 0.829000 ms)

========================================================================
Received Prepare
Registering precompiled user dll's ...
Registered in 0.005925 seconds.
Begin MonoManager ReloadAssembly
Native extension for WindowsStandalone target not found
Native extension for WebGL target not found
Refreshing native plugins compatible for Editor in 1.26 ms, found 3 plugins.
Preloading 0 native plugins for Editor in 0.00 ms.
Mono: successfully reloaded assembly
- Completed reload, in  1.649 seconds
Platform modules already initialized, skipping
Refreshing native plugins compatible for Editor in 0.82 ms, found 3 plugins.
Preloading 0 native plugins for Editor in 0.00 ms.
Unloading 2077 Unused Serialized files (Serialized files now loaded: 0)
System memory in use before: 96.0 MB.
System memory in use after: 96.0 MB.

Unloading 21 unused Assets to reduce memory usage. Loaded Objects now: 2604.
Total: 3.632000 ms (FindLiveObjects: 0.741000 ms CreateObjectMapping: 0.219300 ms MarkObjects: 2.530100 ms  DeleteObjects: 0.138700 ms)

========================================================================
Received Prepare
Registering precompiled user dll's ...
Registered in 0.012646 seconds.
Begin MonoManager ReloadAssembly
Native extension for WindowsStandalone target not found
Native extension for WebGL target not found
Refreshing native plugins compatible for Editor in 0.81 ms, found 3 plugins.
Preloading 0 native plugins for Editor in 0.00 ms.
Mono: successfully reloaded assembly
- Completed reload, in  1.370 seconds
Platform modules already initialized, skipping
Refreshing native plugins compatible for Editor in 0.81 ms, found 3 plugins.
Preloading 0 native plugins for Editor in 0.00 ms.
Unloading 2077 Unused Serialized files (Serialized files now loaded: 0)
System memory in use before: 96.0 MB.
System memory in use after: 96.0 MB.

Unloading 21 unused Assets to reduce memory usage. Loaded Objects now: 2608.
Total: 5.003000 ms (FindLiveObjects: 0.325300 ms CreateObjectMapping: 0.104300 ms MarkObjects: 4.427500 ms  DeleteObjects: 0.144100 ms)

========================================================================
Received Import Request.
  Time since last request: 614.849068 seconds.
  path: Assets/Prefabs/Owl 1.prefab
  artifactKey: Guid(4f4dcd1dff8a72c42bf4fb5b12ac46e8) Importer(815301076,1909f56bfc062723c751e8b465ee728b)
Start importing Assets/Prefabs/Owl 1.prefab using Guid(4f4dcd1dff8a72c42bf4fb5b12ac46e8) Importer(815301076,1909f56bfc062723c751e8b465ee728b)  -> (artifact id: '3456d0cf2e6d7b192314f2452027e312') in 0.127032 seconds
  Import took 0.135631 seconds .

========================================================================
Received Import Request.
  Time since last request: 15.599401 seconds.
  path: Assets/Prefabs/Owl 1.prefab
  artifactKey: Guid(4f4dcd1dff8a72c42bf4fb5b12ac46e8) Importer(815301076,1909f56bfc062723c751e8b465ee728b)
Start importing Assets/Prefabs/Owl 1.prefab using Guid(4f4dcd1dff8a72c42bf4fb5b12ac46e8) Importer(815301076,1909f56bfc062723c751e8b465ee728b)  -> (artifact id: 'bb03bb996df7dfd918e3bc7848111989') in 0.044131 seconds
  Import took 0.051332 seconds .

========================================================================
Received Import Request.
  Time since last request: 0.009538 seconds.
  path: Assets/Prefabs/Owl 1.prefab
  artifactKey: Guid(4f4dcd1dff8a72c42bf4fb5b12ac46e8) Importer(815301076,1909f56bfc062723c751e8b465ee728b)
Start importing Assets/Prefabs/Owl 1.prefab using Guid(4f4dcd1dff8a72c42bf4fb5b12ac46e8) Importer(815301076,1909f56bfc062723c751e8b465ee728b)  -> (artifact id: 'bb03bb996df7dfd918e3bc7848111989') in 0.022203 seconds
  Import took 0.037340 seconds .

========================================================================
Received Import Request.
  Time since last request: 1.693314 seconds.
  path: Assets/Prefabs/Owl 1.prefab
  artifactKey: Guid(4f4dcd1dff8a72c42bf4fb5b12ac46e8) Importer(815301076,1909f56bfc062723c751e8b465ee728b)
Start importing Assets/Prefabs/Owl 1.prefab using Guid(4f4dcd1dff8a72c42bf4fb5b12ac46e8) Importer(815301076,1909f56bfc062723c751e8b465ee728b)  -> (artifact id: '9a08f012bb1735a3035be8edc44a892e') in 0.036393 seconds
  Import took 0.051470 seconds .

========================================================================
Received Import Request.
  Time since last request: 14.158794 seconds.
  path: Assets/Prefabs/Cow.prefab
  artifactKey: Guid(4f4dcd1dff8a72c42bf4fb5b12ac46e8) Importer(815301076,1909f56bfc062723c751e8b465ee728b)
Start importing Assets/Prefabs/Cow.prefab using Guid(4f4dcd1dff8a72c42bf4fb5b12ac46e8) Importer(815301076,1909f56bfc062723c751e8b465ee728b)  -> (artifact id: '5e2cbbbc880e91555bb0ff9fcead1b6d') in 0.022602 seconds
  Import took 0.038196 seconds .

========================================================================
Received Prepare
Registering precompiled user dll's ...
Registered in 0.006997 seconds.
Begin MonoManager ReloadAssembly
Native extension for WindowsStandalone target not found
Native extension for WebGL target not found
Refreshing native plugins compatible for Editor in 0.54 ms, found 3 plugins.
Preloading 0 native plugins for Editor in 0.00 ms.
Mono: successfully reloaded assembly
- Completed reload, in  1.607 seconds
Platform modules already initialized, skipping
Refreshing native plugins compatible for Editor in 1.12 ms, found 3 plugins.
Preloading 0 native plugins for Editor in 0.00 ms.
Unloading 2077 Unused Serialized files (Serialized files now loaded: 0)
System memory in use before: 96.1 MB.
System memory in use after: 96.0 MB.

Unloading 21 unused Assets to reduce memory usage. Loaded Objects now: 2613.
Total: 3.431900 ms (FindLiveObjects: 0.338400 ms CreateObjectMapping: 0.133600 ms MarkObjects: 2.816000 ms  DeleteObjects: 0.141800 ms)

========================================================================
Received Import Request.
  Time since last request: 265.901948 seconds.
  path: Assets/Material/Rebote.physicsMaterial2D
  artifactKey: Guid(74e05e334ab989d4d806a11ae3c7b4b4) Importer(815301076,1909f56bfc062723c751e8b465ee728b)
Start importing Assets/Material/Rebote.physicsMaterial2D using Guid(74e05e334ab989d4d806a11ae3c7b4b4) Importer(815301076,1909f56bfc062723c751e8b465ee728b)  -> (artifact id: '7b9800cca10243bfac089080d117e86a') in 0.036147 seconds
  Import took 0.051199 seconds .

========================================================================
Received Prepare
Registering precompiled user dll's ...
Registered in 0.005462 seconds.
Begin MonoManager ReloadAssembly
Native extension for WindowsStandalone target not found
Native extension for WebGL target not found
Refreshing native plugins compatible for Editor in 0.53 ms, found 3 plugins.
Preloading 0 native plugins for Editor in 0.00 ms.
Mono: successfully reloaded assembly
- Completed reload, in  1.647 seconds
Platform modules already initialized, skipping
Refreshing native plugins compatible for Editor in 0.83 ms, found 3 plugins.
Preloading 0 native plugins for Editor in 0.00 ms.
Unloading 2077 Unused Serialized files (Serialized files now loaded: 0)
System memory in use before: 96.1 MB.
System memory in use after: 96.0 MB.

Unloading 21 unused Assets to reduce memory usage. Loaded Objects now: 2617.
Total: 3.231300 ms (FindLiveObjects: 0.247600 ms CreateObjectMapping: 0.136300 ms MarkObjects: 2.664900 ms  DeleteObjects: 0.180300 ms)

========================================================================
Received Prepare
Registering precompiled user dll's ...
Registered in 0.005218 seconds.
Begin MonoManager ReloadAssembly
Native extension for WindowsStandalone target not found
Native extension for WebGL target not found
Refreshing native plugins compatible for Editor in 0.50 ms, found 3 plugins.
Preloading 0 native plugins for Editor in 0.00 ms.
Mono: successfully reloaded assembly
- Completed reload, in  1.395 seconds
Platform modules already initialized, skipping
Refreshing native plugins compatible for Editor in 0.54 ms, found 3 plugins.
Preloading 0 native plugins for Editor in 0.00 ms.
Unloading 2077 Unused Serialized files (Serialized files now loaded: 0)
System memory in use before: 96.1 MB.
System memory in use after: 96.1 MB.

Unloading 21 unused Assets to reduce memory usage. Loaded Objects now: 2621.
Total: 3.420800 ms (FindLiveObjects: 0.301900 ms CreateObjectMapping: 0.097000 ms MarkObjects: 2.859400 ms  DeleteObjects: 0.160400 ms)

========================================================================
Received Prepare
Registering precompiled user dll's ...
Registered in 0.010219 seconds.
Begin MonoManager ReloadAssembly
Native extension for WindowsStandalone target not found
Native extension for WebGL target not found
Refreshing native plugins compatible for Editor in 0.60 ms, found 3 plugins.
Preloading 0 native plugins for Editor in 0.00 ms.
Mono: successfully reloaded assembly
- Completed reload, in  1.750 seconds
Platform modules already initialized, skipping
Refreshing native plugins compatible for Editor in 0.49 ms, found 3 plugins.
Preloading 0 native plugins for Editor in 0.00 ms.
Unloading 2077 Unused Serialized files (Serialized files now loaded: 0)
System memory in use before: 96.1 MB.
System memory in use after: 96.1 MB.

Unloading 21 unused Assets to reduce memory usage. Loaded Objects now: 2625.
Total: 2.894200 ms (FindLiveObjects: 0.247200 ms CreateObjectMapping: 0.078500 ms MarkObjects: 2.432300 ms  DeleteObjects: 0.134800 ms)

========================================================================
Received Prepare
Registering precompiled user dll's ...
Registered in 0.005563 seconds.
Begin MonoManager ReloadAssembly
Native extension for WindowsStandalone target not found
Native extension for WebGL target not found
Refreshing native plugins compatible for Editor in 0.70 ms, found 3 plugins.
Preloading 0 native plugins for Editor in 0.00 ms.
Mono: successfully reloaded assembly
- Completed reload, in  1.906 seconds
Platform modules already initialized, skipping
Refreshing native plugins compatible for Editor in 0.48 ms, found 3 plugins.
Preloading 0 native plugins for Editor in 0.00 ms.
Unloading 2077 Unused Serialized files (Serialized files now loaded: 0)
System memory in use before: 96.1 MB.
System memory in use after: 96.1 MB.

Unloading 21 unused Assets to reduce memory usage. Loaded Objects now: 2629.
Total: 3.020600 ms (FindLiveObjects: 0.239600 ms CreateObjectMapping: 0.092400 ms MarkObjects: 2.529300 ms  DeleteObjects: 0.157100 ms)

========================================================================
Received Import Request.
  Time since last request: 3786.155693 seconds.
  path: Assets/Scripts/Bullet.cs
  artifactKey: Guid(2a4d7561e143c1241bc845bc3980e293) Importer(815301076,1909f56bfc062723c751e8b465ee728b)
Start importing Assets/Scripts/Bullet.cs using Guid(2a4d7561e143c1241bc845bc3980e293) Importer(815301076,1909f56bfc062723c751e8b465ee728b)  -> (artifact id: 'ed4755075add88e2ff38f5988487931b') in 0.045341 seconds
  Import took 0.079954 seconds .

========================================================================
Received Prepare
Registering precompiled user dll's ...
Registered in 0.005415 seconds.
Begin MonoManager ReloadAssembly
Native extension for WindowsStandalone target not found
Native extension for WebGL target not found
Refreshing native plugins compatible for Editor in 0.51 ms, found 3 plugins.
Preloading 0 native plugins for Editor in 0.00 ms.
Mono: successfully reloaded assembly
- Completed reload, in  2.402 seconds
Platform modules already initialized, skipping
Refreshing native plugins compatible for Editor in 0.51 ms, found 3 plugins.
Preloading 0 native plugins for Editor in 0.00 ms.
Unloading 2078 Unused Serialized files (Serialized files now loaded: 0)
System memory in use before: 96.1 MB.
System memory in use after: 96.1 MB.

Unloading 21 unused Assets to reduce memory usage. Loaded Objects now: 2634.
Total: 3.135600 ms (FindLiveObjects: 0.217100 ms CreateObjectMapping: 0.086800 ms MarkObjects: 2.688600 ms  DeleteObjects: 0.141700 ms)

========================================================================
Received Prepare
Registering precompiled user dll's ...
Registered in 0.026926 seconds.
Begin MonoManager ReloadAssembly
Native extension for WindowsStandalone target not found
Native extension for WebGL target not found
Refreshing native plugins compatible for Editor in 1.30 ms, found 3 plugins.
Preloading 0 native plugins for Editor in 0.00 ms.
Mono: successfully reloaded assembly
- Completed reload, in  1.488 seconds
Platform modules already initialized, skipping
Refreshing native plugins compatible for Editor in 0.59 ms, found 3 plugins.
Preloading 0 native plugins for Editor in 0.00 ms.
Unloading 2078 Unused Serialized files (Serialized files now loaded: 0)
System memory in use before: 96.1 MB.
System memory in use after: 96.1 MB.

Unloading 21 unused Assets to reduce memory usage. Loaded Objects now: 2638.
Total: 6.441400 ms (FindLiveObjects: 0.421600 ms CreateObjectMapping: 0.203400 ms MarkObjects: 5.655100 ms  DeleteObjects: 0.159100 ms)

========================================================================
Received Import Request.
  Time since last request: 408.071050 seconds.
  path: Assets/Scripts/Bullet.cs
  artifactKey: Guid(2a4d7561e143c1241bc845bc3980e293) Importer(815301076,1909f56bfc062723c751e8b465ee728b)
Start importing Assets/Scripts/Bullet.cs using Guid(2a4d7561e143c1241bc845bc3980e293) Importer(815301076,1909f56bfc062723c751e8b465ee728b)  -> (artifact id: '58aae60422d54b3d600d30fb8d7f116d') in 0.007443 seconds
  Import took 0.021459 seconds .

========================================================================
Received Prepare
Registering precompiled user dll's ...
Registered in 0.018377 seconds.
Begin MonoManager ReloadAssembly
Native extension for WindowsStandalone target not found
Native extension for WebGL target not found
Refreshing native plugins compatible for Editor in 0.53 ms, found 3 plugins.
Preloading 0 native plugins for Editor in 0.00 ms.
Mono: successfully reloaded assembly
- Completed reload, in  1.841 seconds
Platform modules already initialized, skipping
Refreshing native plugins compatible for Editor in 1.05 ms, found 3 plugins.
Preloading 0 native plugins for Editor in 0.00 ms.
Unloading 2078 Unused Serialized files (Serialized files now loaded: 0)
System memory in use before: 96.1 MB.
System memory in use after: 96.1 MB.

Unloading 21 unused Assets to reduce memory usage. Loaded Objects now: 2642.
Total: 2.909200 ms (FindLiveObjects: 0.248400 ms CreateObjectMapping: 0.095400 ms MarkObjects: 2.402400 ms  DeleteObjects: 0.161700 ms)

========================================================================
Received Import Request.
  Time since last request: 207.165811 seconds.
  path: Assets/Scripts/Bullet.cs
  artifactKey: Guid(2a4d7561e143c1241bc845bc3980e293) Importer(815301076,1909f56bfc062723c751e8b465ee728b)
Start importing Assets/Scripts/Bullet.cs using Guid(2a4d7561e143c1241bc845bc3980e293) Importer(815301076,1909f56bfc062723c751e8b465ee728b)  -> (artifact id: 'f292c134a460ecbca3578ef7b32219a8') in 0.008140 seconds
  Import took 0.017807 seconds .

========================================================================
Received Import Request.
  Time since last request: 0.002575 seconds.
  path: Assets/Scripts/Bullet.cs
  artifactKey: Guid(2a4d7561e143c1241bc845bc3980e293) Importer(815301076,1909f56bfc062723c751e8b465ee728b)
Start importing Assets/Scripts/Bullet.cs using Guid(2a4d7561e143c1241bc845bc3980e293) Importer(815301076,1909f56bfc062723c751e8b465ee728b)  -> (artifact id: 'f292c134a460ecbca3578ef7b32219a8') in 0.003224 seconds
  Import took 0.012462 seconds .

========================================================================
Received Prepare
Registering precompiled user dll's ...
Registered in 0.007978 seconds.
Begin MonoManager ReloadAssembly
Native extension for WindowsStandalone target not found
Native extension for WebGL target not found
Refreshing native plugins compatible for Editor in 0.52 ms, found 3 plugins.
Preloading 0 native plugins for Editor in 0.00 ms.
Mono: successfully reloaded assembly
- Completed reload, in  1.448 seconds
Platform modules already initialized, skipping
Refreshing native plugins compatible for Editor in 0.51 ms, found 3 plugins.
Preloading 0 native plugins for Editor in 0.00 ms.
Unloading 2078 Unused Serialized files (Serialized files now loaded: 0)
System memory in use before: 96.1 MB.
System memory in use after: 96.1 MB.

Unloading 21 unused Assets to reduce memory usage. Loaded Objects now: 2646.
Total: 2.856600 ms (FindLiveObjects: 0.240600 ms CreateObjectMapping: 0.087100 ms MarkObjects: 2.394900 ms  DeleteObjects: 0.132200 ms)

========================================================================
Received Import Request.
  Time since last request: 176.608914 seconds.
  path: Assets/Prefabs/Cow.prefab
  artifactKey: Guid(4f4dcd1dff8a72c42bf4fb5b12ac46e8) Importer(815301076,1909f56bfc062723c751e8b465ee728b)
Start importing Assets/Prefabs/Cow.prefab using Guid(4f4dcd1dff8a72c42bf4fb5b12ac46e8) Importer(815301076,1909f56bfc062723c751e8b465ee728b)  -> (artifact id: '5adb2fae6f1d444aaed6a63231260283') in 0.140677 seconds
  Import took 0.151668 seconds .

========================================================================
Received Import Request.
  Time since last request: 10.298299 seconds.
  path: Assets/Prefabs/Cow.prefab
  artifactKey: Guid(4f4dcd1dff8a72c42bf4fb5b12ac46e8) Importer(815301076,1909f56bfc062723c751e8b465ee728b)
Start importing Assets/Prefabs/Cow.prefab using Guid(4f4dcd1dff8a72c42bf4fb5b12ac46e8) Importer(815301076,1909f56bfc062723c751e8b465ee728b)  -> (artifact id: 'ba2d615d229f9fc1ced330e83a1edc5b') in 0.024756 seconds
  Import took 0.033537 seconds .

========================================================================
Received Import Request.
  Time since last request: 2.396621 seconds.
  path: Assets/Prefabs/Owl.prefab
  artifactKey: Guid(896ca69be0883cf4d89ebe1f88532914) Importer(815301076,1909f56bfc062723c751e8b465ee728b)
Start importing Assets/Prefabs/Owl.prefab using Guid(896ca69be0883cf4d89ebe1f88532914) Importer(815301076,1909f56bfc062723c751e8b465ee728b)  -> (artifact id: 'b87a42102b1d16188bcbe98230d840c4') in 0.051239 seconds
  Import took 0.063366 seconds .

========================================================================
Received Import Request.
  Time since last request: 0.345006 seconds.
  path: Assets/Prefabs/Owl.prefab
  artifactKey: Guid(896ca69be0883cf4d89ebe1f88532914) Importer(815301076,1909f56bfc062723c751e8b465ee728b)
Start importing Assets/Prefabs/Owl.prefab using Guid(896ca69be0883cf4d89ebe1f88532914) Importer(815301076,1909f56bfc062723c751e8b465ee728b)  -> (artifact id: 'c48920eed5c977570ca09966448ecb1d') in 0.033469 seconds
  Import took 0.051846 seconds .

========================================================================
Received Import Request.
  Time since last request: 177.688902 seconds.
  path: ProjectSettings/TagManager.asset
  artifactKey: Guid(00000000000000003000000000000000) Importer(815301076,1909f56bfc062723c751e8b465ee728b)
Start importing ProjectSettings/TagManager.asset using Guid(00000000000000003000000000000000) Importer(815301076,1909f56bfc062723c751e8b465ee728b)  -> (artifact id: '184dd8e22c9919fe1c87579a3e6d7d7c') in 0.021244 seconds
  Import took 0.030715 seconds .

========================================================================
Received Prepare
Registering precompiled user dll's ...
Registered in 0.019148 seconds.
Begin MonoManager ReloadAssembly
Native extension for WindowsStandalone target not found
Native extension for WebGL target not found
Refreshing native plugins compatible for Editor in 0.64 ms, found 3 plugins.
Preloading 0 native plugins for Editor in 0.00 ms.
Mono: successfully reloaded assembly
- Completed reload, in  1.927 seconds
Platform modules already initialized, skipping
Refreshing native plugins compatible for Editor in 0.62 ms, found 3 plugins.
Preloading 0 native plugins for Editor in 0.00 ms.
Unloading 2078 Unused Serialized files (Serialized files now loaded: 0)
System memory in use before: 96.2 MB.
System memory in use after: 96.1 MB.

Unloading 22 unused Assets to reduce memory usage. Loaded Objects now: 2651.
Total: 6.350900 ms (FindLiveObjects: 0.410200 ms CreateObjectMapping: 0.147400 ms MarkObjects: 5.017200 ms  DeleteObjects: 0.744900 ms)

========================================================================
Received Prepare
Registering precompiled user dll's ...
Registered in 0.005660 seconds.
Begin MonoManager ReloadAssembly
Native extension for WindowsStandalone target not found
Native extension for WebGL target not found
Refreshing native plugins compatible for Editor in 0.51 ms, found 3 plugins.
Preloading 0 native plugins for Editor in 0.00 ms.
Mono: successfully reloaded assembly
- Completed reload, in  1.534 seconds
Platform modules already initialized, skipping
Refreshing native plugins compatible for Editor in 0.51 ms, found 3 plugins.
Preloading 0 native plugins for Editor in 0.00 ms.
Unloading 2078 Unused Serialized files (Serialized files now loaded: 0)
System memory in use before: 96.2 MB.
System memory in use after: 96.2 MB.

Unloading 21 unused Assets to reduce memory usage. Loaded Objects now: 2655.
Total: 3.066400 ms (FindLiveObjects: 0.256100 ms CreateObjectMapping: 0.076300 ms MarkObjects: 2.594500 ms  DeleteObjects: 0.138500 ms)

========================================================================
Received Prepare
Registering precompiled user dll's ...
Registered in 0.006811 seconds.
Begin MonoManager ReloadAssembly
Native extension for WindowsStandalone target not found
Native extension for WebGL target not found
Refreshing native plugins compatible for Editor in 0.54 ms, found 3 plugins.
Preloading 0 native plugins for Editor in 0.00 ms.
Mono: successfully reloaded assembly
- Completed reload, in  1.984 seconds
Platform modules already initialized, skipping
Refreshing native plugins compatible for Editor in 1.90 ms, found 3 plugins.
Preloading 0 native plugins for Editor in 0.00 ms.
Unloading 2078 Unused Serialized files (Serialized files now loaded: 0)
System memory in use before: 96.2 MB.
System memory in use after: 96.2 MB.

Unloading 21 unused Assets to reduce memory usage. Loaded Objects now: 2659.
Total: 3.231600 ms (FindLiveObjects: 0.271800 ms CreateObjectMapping: 0.108000 ms MarkObjects: 2.703000 ms  DeleteObjects: 0.145300 ms)

========================================================================
Received Prepare
Registering precompiled user dll's ...
Registered in 0.006123 seconds.
Begin MonoManager ReloadAssembly
Native extension for WindowsStandalone target not found
Native extension for WebGL target not found
Refreshing native plugins compatible for Editor in 0.55 ms, found 3 plugins.
Preloading 0 native plugins for Editor in 0.00 ms.
Mono: successfully reloaded assembly
- Completed reload, in  1.681 seconds
Platform modules already initialized, skipping
Refreshing native plugins compatible for Editor in 0.98 ms, found 3 plugins.
Preloading 0 native plugins for Editor in 0.00 ms.
Unloading 2078 Unused Serialized files (Serialized files now loaded: 0)
System memory in use before: 96.2 MB.
System memory in use after: 96.2 MB.

Unloading 21 unused Assets to reduce memory usage. Loaded Objects now: 2663.
Total: 2.883800 ms (FindLiveObjects: 0.259800 ms CreateObjectMapping: 0.108900 ms MarkObjects: 2.359100 ms  DeleteObjects: 0.154300 ms)

========================================================================
Received Prepare
Registering precompiled user dll's ...
Registered in 0.011290 seconds.
Begin MonoManager ReloadAssembly
Native extension for WindowsStandalone target not found
Native extension for WebGL target not found
Refreshing native plugins compatible for Editor in 0.57 ms, found 3 plugins.
Preloading 0 native plugins for Editor in 0.00 ms.
Mono: successfully reloaded assembly
- Completed reload, in  1.662 seconds
Platform modules already initialized, skipping
Refreshing native plugins compatible for Editor in 0.82 ms, found 3 plugins.
Preloading 0 native plugins for Editor in 0.00 ms.
Unloading 2078 Unused Serialized files (Serialized files now loaded: 0)
System memory in use before: 96.2 MB.
System memory in use after: 96.2 MB.

Unloading 21 unused Assets to reduce memory usage. Loaded Objects now: 2667.
Total: 2.985700 ms (FindLiveObjects: 0.421400 ms CreateObjectMapping: 0.119300 ms MarkObjects: 2.310900 ms  DeleteObjects: 0.131900 ms)

========================================================================
Received Import Request.
  Time since last request: 439.348243 seconds.
  path: Assets/Prefabs/bullet.prefab
  artifactKey: Guid(7500dd1493189324db7d41d2bf59a815) Importer(815301076,1909f56bfc062723c751e8b465ee728b)
Start importing Assets/Prefabs/bullet.prefab using Guid(7500dd1493189324db7d41d2bf59a815) Importer(815301076,1909f56bfc062723c751e8b465ee728b)  -> (artifact id: '86e7eb53a77c13ef537af19a36e4771d') in 0.094321 seconds
  Import took 0.100400 seconds .

AssetImportWorkerClient::OnTransportError - code=2 error=End of file
