Using pre-set license
Built from '2020.3/staging' branch; Version is '2020.3.11f1 (99c7afb366b3) revision 10078127'; Using compiler version '192528614'; Build Type 'Release'
OS: 'Windows 10 Pro; OS build 19042.1165; Version 2009; 64bit' Language: 'en' Physical Memory: 8077 MB
BatchMode: 1, IsHumanControllingUs: 0, StartBugReporterOnCrash: 0, Is64bit: 1, IsPro: 0

 COMMAND LINE ARGUMENTS:
C:\Program Files\Unity\Hub\Editor\2020.3.11f1\Editor\Unity.exe
-adb2
-batchMode
-noUpm
-name
AssetImportWorker0
-projectPath
C:/Users/KayyDhex/Documents/Unity/Alien Game
-logFile
Logs/AssetImportWorker0.log
-srvPort
60381
Successfully changed project path to: C:/Users/KayyDhex/Documents/Unity/Alien Game
C:/Users/KayyDhex/Documents/Unity/Alien Game
Using Asset Import Pipeline V2.
Refreshing native plugins compatible for Editor in 108.24 ms, found 3 plugins.
Preloading 0 native plugins for Editor in 0.00 ms.
Initialize engine version: 2020.3.11f1 (99c7afb366b3)
[Subsystems] Discovering subsystems at path C:/Program Files/Unity/Hub/Editor/2020.3.11f1/Editor/Data/Resources/UnitySubsystems
[Subsystems] Discovering subsystems at path C:/Users/KayyDhex/Documents/Unity/Alien Game/Assets
GfxDevice: creating device client; threaded=0
Direct3D:
    Version:  Direct3D 11.0 [level 11.1]
    Renderer: Intel(R) HD Graphics 620 (ID=0x5916)
    Vendor:   
    VRAM:     4038 MB
    Driver:   27.20.100.8681
Initialize mono
Mono path[0] = 'C:/Program Files/Unity/Hub/Editor/2020.3.11f1/Editor/Data/Managed'
Mono path[1] = 'C:/Program Files/Unity/Hub/Editor/2020.3.11f1/Editor/Data/MonoBleedingEdge/lib/mono/unityjit'
Mono config path = 'C:/Program Files/Unity/Hub/Editor/2020.3.11f1/Editor/Data/MonoBleedingEdge/etc'
Using monoOptions --debugger-agent=transport=dt_socket,embedding=1,server=y,suspend=n,address=127.0.0.1:56548
Begin MonoManager ReloadAssembly
Registering precompiled unity dll's ...
Register platform support module: C:/Program Files/Unity/Hub/Editor/2020.3.11f1/Editor/Data/PlaybackEngines/WebGLSupport/UnityEditor.WebGL.Extensions.dll
Register platform support module: C:/Program Files/Unity/Hub/Editor/2020.3.11f1/Editor/Data/PlaybackEngines/WindowsStandaloneSupport/UnityEditor.WindowsStandalone.Extensions.dll
Registered in 0.004116 seconds.
Native extension for WindowsStandalone target not found
Native extension for WebGL target not found
Refreshing native plugins compatible for Editor in 570.48 ms, found 3 plugins.
Preloading 0 native plugins for Editor in 0.00 ms.
Mono: successfully reloaded assembly
- Completed reload, in  7.927 seconds
Platform modules already initialized, skipping
Registering precompiled user dll's ...
Registered in 0.010840 seconds.
Begin MonoManager ReloadAssembly
Native extension for WindowsStandalone target not found
Native extension for WebGL target not found
Refreshing native plugins compatible for Editor in 62.21 ms, found 3 plugins.
Preloading 0 native plugins for Editor in 0.00 ms.
Mono: successfully reloaded assembly
- Completed reload, in  1.868 seconds
Platform modules already initialized, skipping
========================================================================
Worker process is ready to serve import requests
Launched and connected shader compiler UnityShaderCompiler.exe after 0.06 seconds
Refreshing native plugins compatible for Editor in 0.55 ms, found 3 plugins.
Preloading 0 native plugins for Editor in 0.00 ms.
Unloading 2083 Unused Serialized files (Serialized files now loaded: 0)
System memory in use before: 93.0 MB.
System memory in use after: 92.9 MB.

Unloading 33 unused Assets to reduce memory usage. Loaded Objects now: 2517.
Total: 3.126800 ms (FindLiveObjects: 0.268000 ms CreateObjectMapping: 0.105900 ms MarkObjects: 2.588600 ms  DeleteObjects: 0.161600 ms)

========================================================================
Received Import Request.
  path: Assets/Scripts/Player.cs
  artifactKey: Guid(5948f31b8200d5342abafec78b17a1ec) Importer(815301076,1909f56bfc062723c751e8b465ee728b)
Start importing Assets/Scripts/Player.cs using Guid(5948f31b8200d5342abafec78b17a1ec) Importer(815301076,1909f56bfc062723c751e8b465ee728b)  -> (artifact id: 'c3cb3919fc15488854989a122d9a0ccc') in 0.054798 seconds
  Import took 0.061025 seconds .

========================================================================
Received Import Request.
  Time since last request: 264.773238 seconds.
  path: ProjectSettings/TagManager.asset
  artifactKey: Guid(00000000000000003000000000000000) Importer(815301076,1909f56bfc062723c751e8b465ee728b)
Start importing ProjectSettings/TagManager.asset using Guid(00000000000000003000000000000000) Importer(815301076,1909f56bfc062723c751e8b465ee728b)  -> (artifact id: 'a0a218d92d11cb25867f36b6689d2ea4') in 0.047386 seconds
  Import took 0.058482 seconds .

========================================================================
Received Prepare
Registering precompiled user dll's ...
Registered in 0.006682 seconds.
Begin MonoManager ReloadAssembly
Native extension for WindowsStandalone target not found
Native extension for WebGL target not found
Refreshing native plugins compatible for Editor in 0.53 ms, found 3 plugins.
Preloading 0 native plugins for Editor in 0.00 ms.
Mono: successfully reloaded assembly
- Completed reload, in  1.534 seconds
Platform modules already initialized, skipping
Refreshing native plugins compatible for Editor in 0.74 ms, found 3 plugins.
Preloading 0 native plugins for Editor in 0.00 ms.
Unloading 2078 Unused Serialized files (Serialized files now loaded: 0)
System memory in use before: 93.0 MB.
System memory in use after: 92.9 MB.

Unloading 22 unused Assets to reduce memory usage. Loaded Objects now: 2521.
Total: 2.607900 ms (FindLiveObjects: 0.255700 ms CreateObjectMapping: 0.164200 ms MarkObjects: 2.069400 ms  DeleteObjects: 0.117400 ms)

========================================================================
Received Import Request.
  Time since last request: 134.778618 seconds.
  path: Assets/Scripts/Player.cs
  artifactKey: Guid(5948f31b8200d5342abafec78b17a1ec) Importer(815301076,1909f56bfc062723c751e8b465ee728b)
Start importing Assets/Scripts/Player.cs using Guid(5948f31b8200d5342abafec78b17a1ec) Importer(815301076,1909f56bfc062723c751e8b465ee728b)  -> (artifact id: '669bca403c40a757dc32a1865ce985bc') in 0.007942 seconds
  Import took 0.015114 seconds .

========================================================================
Received Prepare
Registering precompiled user dll's ...
Registered in 0.005210 seconds.
Begin MonoManager ReloadAssembly
Native extension for WindowsStandalone target not found
Native extension for WebGL target not found
Refreshing native plugins compatible for Editor in 0.56 ms, found 3 plugins.
Preloading 0 native plugins for Editor in 0.00 ms.
Mono: successfully reloaded assembly
- Completed reload, in  1.458 seconds
Platform modules already initialized, skipping
Refreshing native plugins compatible for Editor in 0.51 ms, found 3 plugins.
Preloading 0 native plugins for Editor in 0.00 ms.
Unloading 2078 Unused Serialized files (Serialized files now loaded: 0)
System memory in use before: 93.0 MB.
System memory in use after: 93.0 MB.

Unloading 21 unused Assets to reduce memory usage. Loaded Objects now: 2525.
Total: 3.208500 ms (FindLiveObjects: 0.247700 ms CreateObjectMapping: 0.107400 ms MarkObjects: 2.721800 ms  DeleteObjects: 0.129800 ms)

========================================================================
Received Prepare
Registering precompiled user dll's ...
Registered in 0.011622 seconds.
Begin MonoManager ReloadAssembly
Native extension for WindowsStandalone target not found
Native extension for WebGL target not found
Refreshing native plugins compatible for Editor in 0.82 ms, found 3 plugins.
Preloading 0 native plugins for Editor in 0.00 ms.
Mono: successfully reloaded assembly
- Completed reload, in  1.671 seconds
Platform modules already initialized, skipping
Refreshing native plugins compatible for Editor in 0.56 ms, found 3 plugins.
Preloading 0 native plugins for Editor in 0.00 ms.
Unloading 2078 Unused Serialized files (Serialized files now loaded: 0)
System memory in use before: 93.0 MB.
System memory in use after: 93.0 MB.

Unloading 21 unused Assets to reduce memory usage. Loaded Objects now: 2529.
Total: 2.881400 ms (FindLiveObjects: 0.316900 ms CreateObjectMapping: 0.127900 ms MarkObjects: 2.292900 ms  DeleteObjects: 0.141400 ms)

========================================================================
Received Prepare
Registering precompiled user dll's ...
Registered in 0.004286 seconds.
Begin MonoManager ReloadAssembly
Native extension for WindowsStandalone target not found
Native extension for WebGL target not found
Refreshing native plugins compatible for Editor in 0.94 ms, found 3 plugins.
Preloading 0 native plugins for Editor in 0.00 ms.
Mono: successfully reloaded assembly
- Completed reload, in  2.715 seconds
Platform modules already initialized, skipping
Refreshing native plugins compatible for Editor in 2.68 ms, found 3 plugins.
Preloading 0 native plugins for Editor in 0.00 ms.
Unloading 2078 Unused Serialized files (Serialized files now loaded: 0)
System memory in use before: 93.0 MB.
System memory in use after: 93.0 MB.

Unloading 21 unused Assets to reduce memory usage. Loaded Objects now: 2533.
Total: 8.031900 ms (FindLiveObjects: 0.652000 ms CreateObjectMapping: 0.379300 ms MarkObjects: 6.843600 ms  DeleteObjects: 0.154400 ms)

========================================================================
Received Import Request.
  Time since last request: 186.059426 seconds.
  path: Assets/Prefabs/bullet.prefab
  artifactKey: Guid(7500dd1493189324db7d41d2bf59a815) Importer(815301076,1909f56bfc062723c751e8b465ee728b)
Start importing Assets/Prefabs/bullet.prefab using Guid(7500dd1493189324db7d41d2bf59a815) Importer(815301076,1909f56bfc062723c751e8b465ee728b)  -> (artifact id: '46295a9c207014376e4af01e0c2ece09') in 0.589140 seconds
  Import took 0.597189 seconds .

========================================================================
Received Prepare
Registering precompiled user dll's ...
Registered in 0.006645 seconds.
Begin MonoManager ReloadAssembly
Native extension for WindowsStandalone target not found
Native extension for WebGL target not found
Refreshing native plugins compatible for Editor in 1.02 ms, found 3 plugins.
Preloading 0 native plugins for Editor in 0.00 ms.
Mono: successfully reloaded assembly
- Completed reload, in  1.790 seconds
Platform modules already initialized, skipping
Refreshing native plugins compatible for Editor in 0.85 ms, found 3 plugins.
Preloading 0 native plugins for Editor in 0.00 ms.
Unloading 2078 Unused Serialized files (Serialized files now loaded: 0)
System memory in use before: 96.0 MB.
System memory in use after: 96.0 MB.

Unloading 21 unused Assets to reduce memory usage. Loaded Objects now: 2544.
Total: 5.257600 ms (FindLiveObjects: 0.408100 ms CreateObjectMapping: 0.178700 ms MarkObjects: 4.416600 ms  DeleteObjects: 0.251100 ms)

========================================================================
Received Prepare
Registering precompiled user dll's ...
Registered in 0.004923 seconds.
Begin MonoManager ReloadAssembly
Native extension for WindowsStandalone target not found
Native extension for WebGL target not found
Refreshing native plugins compatible for Editor in 0.51 ms, found 3 plugins.
Preloading 0 native plugins for Editor in 0.00 ms.
Mono: successfully reloaded assembly
- Completed reload, in  1.551 seconds
Platform modules already initialized, skipping
Refreshing native plugins compatible for Editor in 0.52 ms, found 3 plugins.
Preloading 0 native plugins for Editor in 0.00 ms.
Unloading 2078 Unused Serialized files (Serialized files now loaded: 0)
System memory in use before: 96.1 MB.
System memory in use after: 96.0 MB.

Unloading 21 unused Assets to reduce memory usage. Loaded Objects now: 2548.
Total: 2.817500 ms (FindLiveObjects: 0.237500 ms CreateObjectMapping: 0.099600 ms MarkObjects: 2.356500 ms  DeleteObjects: 0.122900 ms)

========================================================================
Received Prepare
Registering precompiled user dll's ...
Registered in 0.004356 seconds.
Begin MonoManager ReloadAssembly
Native extension for WindowsStandalone target not found
Native extension for WebGL target not found
Refreshing native plugins compatible for Editor in 5.85 ms, found 3 plugins.
Preloading 0 native plugins for Editor in 0.00 ms.
Mono: successfully reloaded assembly
- Completed reload, in  1.976 seconds
Platform modules already initialized, skipping
Refreshing native plugins compatible for Editor in 0.51 ms, found 3 plugins.
Preloading 0 native plugins for Editor in 0.00 ms.
Unloading 2078 Unused Serialized files (Serialized files now loaded: 0)
System memory in use before: 96.1 MB.
System memory in use after: 96.0 MB.

Unloading 21 unused Assets to reduce memory usage. Loaded Objects now: 2552.
Total: 3.454800 ms (FindLiveObjects: 0.244900 ms CreateObjectMapping: 0.158200 ms MarkObjects: 2.885800 ms  DeleteObjects: 0.164600 ms)

========================================================================
Received Prepare
Registering precompiled user dll's ...
Registered in 0.004571 seconds.
Begin MonoManager ReloadAssembly
Native extension for WindowsStandalone target not found
Native extension for WebGL target not found
Refreshing native plugins compatible for Editor in 0.51 ms, found 3 plugins.
Preloading 0 native plugins for Editor in 0.00 ms.
Mono: successfully reloaded assembly
- Completed reload, in  1.317 seconds
Platform modules already initialized, skipping
Refreshing native plugins compatible for Editor in 0.53 ms, found 3 plugins.
Preloading 0 native plugins for Editor in 0.00 ms.
Unloading 2078 Unused Serialized files (Serialized files now loaded: 0)
System memory in use before: 96.1 MB.
System memory in use after: 96.1 MB.

Unloading 21 unused Assets to reduce memory usage. Loaded Objects now: 2556.
Total: 7.179900 ms (FindLiveObjects: 0.236100 ms CreateObjectMapping: 0.099200 ms MarkObjects: 6.597100 ms  DeleteObjects: 0.245300 ms)

========================================================================
Received Prepare
Registering precompiled user dll's ...
Registered in 0.009458 seconds.
Begin MonoManager ReloadAssembly
Native extension for WindowsStandalone target not found
Native extension for WebGL target not found
Refreshing native plugins compatible for Editor in 0.55 ms, found 3 plugins.
Preloading 0 native plugins for Editor in 0.00 ms.
Mono: successfully reloaded assembly
- Completed reload, in  1.703 seconds
Platform modules already initialized, skipping
Refreshing native plugins compatible for Editor in 0.99 ms, found 3 plugins.
Preloading 0 native plugins for Editor in 0.00 ms.
Unloading 2078 Unused Serialized files (Serialized files now loaded: 0)
System memory in use before: 96.1 MB.
System memory in use after: 96.1 MB.

Unloading 21 unused Assets to reduce memory usage. Loaded Objects now: 2560.
Total: 6.126400 ms (FindLiveObjects: 2.658600 ms CreateObjectMapping: 0.251000 ms MarkObjects: 3.046300 ms  DeleteObjects: 0.161400 ms)

========================================================================
Received Prepare
Registering precompiled user dll's ...
Registered in 0.034716 seconds.
Begin MonoManager ReloadAssembly
Native extension for WindowsStandalone target not found
Native extension for WebGL target not found
Refreshing native plugins compatible for Editor in 0.94 ms, found 3 plugins.
Preloading 0 native plugins for Editor in 0.00 ms.
Mono: successfully reloaded assembly
- Completed reload, in  1.903 seconds
Platform modules already initialized, skipping
Refreshing native plugins compatible for Editor in 1.44 ms, found 3 plugins.
Preloading 0 native plugins for Editor in 0.00 ms.
Unloading 2078 Unused Serialized files (Serialized files now loaded: 0)
System memory in use before: 96.1 MB.
System memory in use after: 96.1 MB.

Unloading 21 unused Assets to reduce memory usage. Loaded Objects now: 2564.
Total: 9.920800 ms (FindLiveObjects: 0.669700 ms CreateObjectMapping: 0.447200 ms MarkObjects: 8.611600 ms  DeleteObjects: 0.189500 ms)

========================================================================
Received Prepare
Registering precompiled user dll's ...
Registered in 0.008424 seconds.
Begin MonoManager ReloadAssembly
Native extension for WindowsStandalone target not found
Native extension for WebGL target not found
Refreshing native plugins compatible for Editor in 0.84 ms, found 3 plugins.
Preloading 0 native plugins for Editor in 0.00 ms.
Mono: successfully reloaded assembly
- Completed reload, in  1.857 seconds
Platform modules already initialized, skipping
Refreshing native plugins compatible for Editor in 0.90 ms, found 3 plugins.
Preloading 0 native plugins for Editor in 0.00 ms.
Unloading 2078 Unused Serialized files (Serialized files now loaded: 0)
System memory in use before: 96.1 MB.
System memory in use after: 96.1 MB.

Unloading 21 unused Assets to reduce memory usage. Loaded Objects now: 2568.
Total: 5.518500 ms (FindLiveObjects: 0.300500 ms CreateObjectMapping: 0.102900 ms MarkObjects: 4.896300 ms  DeleteObjects: 0.216500 ms)

AssetImportWorkerClient::OnTransportError - code=2 error=End of file
